<?xml version="1.0" encoding="UTF-8"?>
<!-- Generated by org.testng.reporters.JUnitReportReporter -->
<testsuite hostname="remon" failures="0" tests="3" name="tests.HomePageTest" time="60.879" errors="0" timestamp="2024-02-10T08:59:57 EET" skipped="0">
  <testcase classname="tests.HomePageTest" name="test" time="17.370"/>
  <testcase classname="tests.HomePageTest" name="homePageTitleValidation" time="5.824"/>
  <testcase classname="tests.HomePageTest" name="selectFlight" time="37.685"/>
</testsuite> <!-- tests.HomePageTest -->
