<?xml version="1.0" encoding="UTF-8"?>
<!-- Generated by org.testng.reporters.JUnitReportReporter -->
<testsuite hostname="remon" failures="0" tests="1" name="tests.ResultsPageTest" time="43.224" errors="0" timestamp="2024-02-10T19:04:16 EET" skipped="0">
  <testcase classname="tests.ResultsPageTest" name="getFirstFlightPrice" time="43.224"/>
</testsuite> <!-- tests.ResultsPageTest -->
