<?xml version="1.0" encoding="UTF-8"?>
<!-- Generated by org.testng.reporters.JUnitReportReporter -->
<testsuite hostname="remon" failures="0" tests="2" name="tests.ResultsPageTest" time="137.187" errors="0" timestamp="2024-02-10T08:59:57 EET" skipped="0">
  <testcase classname="tests.ResultsPageTest" name="oneTripFlightPriceValidation" time="69.568"/>
  <testcase classname="tests.ResultsPageTest" name="twoTripFlightPriceValidation" time="67.619"/>
</testsuite> <!-- tests.ResultsPageTest -->
